INFO: [VRFC 10-2263] Analyzing Verilog file "C:/Users/Aweso/Verilog/LC3/LC3.gen/sources_1/ip/blk_mem_gen_0/sim/blk_mem_gen_0.v" into library xil_defaultlib
INFO: [VRFC 10-311] analyzing module blk_mem_gen_0
INFO: [VRFC 10-2263] Analyzing Verilog file "C:/Users/Aweso/Verilog/LC3/LC3.srcs/Datapath/ALU.v" into library xil_defaultlib
INFO: [VRFC 10-311] analyzing module ALU
INFO: [VRFC 10-2263] Analyzing Verilog file "C:/Users/Aweso/Verilog/LC3/LC3.srcs/Memory/RAM.v" into library xil_defaultlib
INFO: [VRFC 10-311] analyzing module RAM
INFO: [VRFC 10-2263] Analyzing Verilog file "C:/Users/Aweso/Verilog/LC3/LC3.srcs/Datapath/address.v" into library xil_defaultlib
INFO: [VRFC 10-311] analyzing module address
INFO: [VRFC 10-2263] Analyzing Verilog file "C:/Users/Aweso/Verilog/LC3/LC3.srcs/Memory/addressControlLogic.v" into library xil_defaultlib
INFO: [VRFC 10-311] analyzing module addressControlLogic
INFO: [VRFC 10-2263] Analyzing Verilog file "C:/Users/Aweso/Verilog/LC3/LC3.srcs/Datapath/conditionCode.v" into library xil_defaultlib
INFO: [VRFC 10-311] analyzing module cctb
INFO: [VRFC 10-2263] Analyzing Verilog file "C:/Users/Aweso/Verilog/LC3/LC3.srcs/Controller/controller.v" into library xil_defaultlib
INFO: [VRFC 10-311] analyzing module controller
INFO: [VRFC 10-2263] Analyzing Verilog file "C:/Users/Aweso/Verilog/LC3/LC3.srcs/Datapath/datapath.v" into library xil_defaultlib
INFO: [VRFC 10-311] analyzing module datapath
WARNING: [VRFC 10-3380] identifier 'PC' is used before its declaration [C:/Users/Aweso/Verilog/LC3/LC3.srcs/Datapath/datapath.v:46]
WARNING: [VRFC 10-3380] identifier 'dataBus' is used before its declaration [C:/Users/Aweso/Verilog/LC3/LC3.srcs/Datapath/datapath.v:47]
INFO: [VRFC 10-2263] Analyzing Verilog file "C:/Users/Aweso/Verilog/LC3/LC3.srcs/Memory/io.v" into library xil_defaultlib
INFO: [VRFC 10-311] analyzing module io
INFO: [VRFC 10-311] analyzing module io_input
INFO: [VRFC 10-311] analyzing module io_output
INFO: [VRFC 10-2263] Analyzing Verilog file "C:/Users/Aweso/Verilog/LC3/LC3.srcs/lc3.v" into library xil_defaultlib
INFO: [VRFC 10-311] analyzing module lc3
WARNING: [VRFC 10-9336] redeclaration of ANSI port 'clk' is not allowed [C:/Users/Aweso/Verilog/LC3/LC3.srcs/lc3.v:50]
WARNING: [VRFC 10-3248] data object 'R' is already declared [C:/Users/Aweso/Verilog/LC3/LC3.srcs/lc3.v:58]
WARNING: [VRFC 10-9364] second declaration of 'R' is ignored [C:/Users/Aweso/Verilog/LC3/LC3.srcs/lc3.v:58]
WARNING: [VRFC 10-3248] data object 'LDPriority' is already declared [C:/Users/Aweso/Verilog/LC3/LC3.srcs/lc3.v:108]
WARNING: [VRFC 10-9364] second declaration of 'LDPriority' is ignored [C:/Users/Aweso/Verilog/LC3/LC3.srcs/lc3.v:108]
WARNING: [VRFC 10-2938] 'SETPRIV' is already implicitly declared on line 103 [C:/Users/Aweso/Verilog/LC3/LC3.srcs/lc3.v:108]
WARNING: [VRFC 10-9336] redeclaration of ANSI port 'clk' is not allowed [C:/Users/Aweso/Verilog/LC3/LC3.srcs/lc3.v:108]
WARNING: [VRFC 10-3248] data object 'PCMUX' is already declared [C:/Users/Aweso/Verilog/LC3/LC3.srcs/lc3.v:109]
WARNING: [VRFC 10-9364] second declaration of 'PCMUX' is ignored [C:/Users/Aweso/Verilog/LC3/LC3.srcs/lc3.v:109]
WARNING: [VRFC 10-3248] data object 'BEN' is already declared [C:/Users/Aweso/Verilog/LC3/LC3.srcs/lc3.v:110]
WARNING: [VRFC 10-9364] second declaration of 'BEN' is ignored [C:/Users/Aweso/Verilog/LC3/LC3.srcs/lc3.v:110]
WARNING: [VRFC 10-3248] data object 'PSR' is already declared [C:/Users/Aweso/Verilog/LC3/LC3.srcs/lc3.v:111]
WARNING: [VRFC 10-9364] second declaration of 'PSR' is ignored [C:/Users/Aweso/Verilog/LC3/LC3.srcs/lc3.v:111]
WARNING: [VRFC 10-3380] identifier 'PSR' is used before its declaration [C:/Users/Aweso/Verilog/LC3/LC3.srcs/lc3.v:53]
WARNING: [VRFC 10-3380] identifier 'LDREG' is used before its declaration [C:/Users/Aweso/Verilog/LC3/LC3.srcs/lc3.v:54]
WARNING: [VRFC 10-3380] identifier 'MIOEN' is used before its declaration [C:/Users/Aweso/Verilog/LC3/LC3.srcs/lc3.v:55]
WARNING: [VRFC 10-3380] identifier 'RW' is used before its declaration [C:/Users/Aweso/Verilog/LC3/LC3.srcs/lc3.v:56]
INFO: [VRFC 10-2263] Analyzing Verilog file "C:/Users/Aweso/Verilog/LC3/LC3.srcs/Memory/memory.v" into library xil_defaultlib
INFO: [VRFC 10-311] analyzing module memory
WARNING: [VRFC 10-3380] identifier 'MAR' is used before its declaration [C:/Users/Aweso/Verilog/LC3/LC3.srcs/Memory/memory.v:39]
WARNING: [VRFC 10-3380] identifier 'MDR' is used before its declaration [C:/Users/Aweso/Verilog/LC3/LC3.srcs/Memory/memory.v:40]
INFO: [VRFC 10-2263] Analyzing Verilog file "C:/Users/Aweso/Verilog/LC3/LC3.srcs/Memory/memoryRegister.v" into library xil_defaultlib
INFO: [VRFC 10-311] analyzing module memoryRegister
INFO: [VRFC 10-2263] Analyzing Verilog file "C:/Users/Aweso/Verilog/LC3/LC3.srcs/Datapath/misc.v" into library xil_defaultlib
INFO: [VRFC 10-311] analyzing module instructionRegister
INFO: [VRFC 10-311] analyzing module SR2mux
INFO: [VRFC 10-311] analyzing module MARmux
WARNING: [VRFC 10-8864] concatenation with an unsized literal will be treated as 32 bits [C:/Users/Aweso/Verilog/LC3/LC3.srcs/Datapath/misc.v:60]
INFO: [VRFC 10-311] analyzing module branchEnable
INFO: [VRFC 10-311] analyzing module SR1adrMux
INFO: [VRFC 10-311] analyzing module DRadrMux
INFO: [VRFC 10-2263] Analyzing Verilog file "C:/Users/Aweso/Verilog/LC3/LC3.srcs/Datapath/programCounter.v" into library xil_defaultlib
INFO: [VRFC 10-311] analyzing module programCounter
INFO: [VRFC 10-311] analyzing module programCounter_tb
INFO: [VRFC 10-2263] Analyzing Verilog file "C:/Users/Aweso/Verilog/LC3/LC3.srcs/Datapath/regFile.v" into library xil_defaultlib
INFO: [VRFC 10-311] analyzing module regFile
INFO: [VRFC 10-2263] Analyzing Verilog file "C:/Users/Aweso/Verilog/LC3/LC3.srcs/top.v" into library xil_defaultlib
INFO: [VRFC 10-311] analyzing module top
INFO: [VRFC 10-2263] Analyzing Verilog file "C:/Users/Aweso/Verilog/LC3/LC3.srcs/Datapath/interrupt.v" into library xil_defaultlib
INFO: [VRFC 10-311] analyzing module stackPointer
INFO: [VRFC 10-311] analyzing module TRAPBlock
INFO: [VRFC 10-311] analyzing module PSRBlock
INFO: [VRFC 10-2263] Analyzing Verilog file "C:/Users/Aweso/Verilog/LC3/LC3.sim/SystemTests/simulationTest/simulation_tb.v" into library xil_defaultlib
INFO: [VRFC 10-311] analyzing module simulation_tb
